<?xml version="1.0" encoding="UTF-8"?>
<!-- Generated by org.testng.reporters.JUnitReportReporter -->
<testsuite skipped="0" hostname="Windows-7-PC" name="com.vtiger.tests.LoginTests" tests="2" failures="0" timestamp="2020-05-16T22:05:56 IST" time="7.226" errors="0">
  <testcase name="validlogin" time="5.467" classname="com.vtiger.tests.LoginTests"/>
  <system-out/>
  <testcase name="verigyloginpagecontent" time="1.759" classname="com.vtiger.tests.LoginTests"/>
  <system-out/>
</testsuite> <!-- com.vtiger.tests.LoginTests -->
